<?xml version="1.0" encoding="UTF-8"?>
<testsuite xmlns:xsi="http://www.w3.org/2001/XMLSchema-instance" xsi:noNamespaceSchemaLocation="https://maven.apache.org/surefire/maven-surefire-plugin/xsd/surefire-test-report.xsd" name="com.sg.classroster.service.ClassRosterServiceLayerTest" time="0" tests="6" errors="0" skipped="0" failures="0">
  <properties>
    <property name="sun.desktop" value="windows"/>
    <property name="awt.toolkit" value="sun.awt.windows.WToolkit"/>
    <property name="java.specification.version" value="11"/>
    <property name="sun.cpu.isalist" value="amd64"/>
    <property name="sun.jnu.encoding" value="Cp1252"/>
    <property name="java.class.path" value="C:\Users\Marcus\Documents\NetBeansProjects\ClassRoster\target\test-classes;C:\Users\Marcus\Documents\NetBeansProjects\ClassRoster\target\classes;C:\Users\Marcus\.m2\repository\org\springframework\spring-context\4.3.4.RELEASE\spring-context-4.3.4.RELEASE.jar;C:\Users\Marcus\.m2\repository\org\springframework\spring-aop\4.3.4.RELEASE\spring-aop-4.3.4.RELEASE.jar;C:\Users\Marcus\.m2\repository\org\springframework\spring-beans\4.3.4.RELEASE\spring-beans-4.3.4.RELEASE.jar;C:\Users\Marcus\.m2\repository\org\springframework\spring-core\4.3.4.RELEASE\spring-core-4.3.4.RELEASE.jar;C:\Users\Marcus\.m2\repository\commons-logging\commons-logging\1.2\commons-logging-1.2.jar;C:\Users\Marcus\.m2\repository\org\springframework\spring-expression\4.3.4.RELEASE\spring-expression-4.3.4.RELEASE.jar;C:\Users\Marcus\.m2\repository\org\junit\jupiter\junit-jupiter-api\5.3.1\junit-jupiter-api-5.3.1.jar;C:\Users\Marcus\.m2\repository\org\apiguardian\apiguardian-api\1.0.0\apiguardian-api-1.0.0.jar;C:\Users\Marcus\.m2\repository\org\opentest4j\opentest4j\1.1.1\opentest4j-1.1.1.jar;C:\Users\Marcus\.m2\repository\org\junit\platform\junit-platform-commons\1.3.1\junit-platform-commons-1.3.1.jar;C:\Users\Marcus\.m2\repository\org\junit\jupiter\junit-jupiter-params\5.3.1\junit-jupiter-params-5.3.1.jar;C:\Users\Marcus\.m2\repository\org\junit\jupiter\junit-jupiter-engine\5.3.1\junit-jupiter-engine-5.3.1.jar;C:\Users\Marcus\.m2\repository\org\junit\platform\junit-platform-engine\1.3.1\junit-platform-engine-1.3.1.jar;"/>
    <property name="java.vm.vendor" value="AdoptOpenJDK"/>
    <property name="sun.arch.data.model" value="64"/>
    <property name="user.variant" value=""/>
    <property name="java.vendor.url" value="https://adoptopenjdk.net/"/>
    <property name="user.timezone" value="America/Chicago"/>
    <property name="java.vm.specification.version" value="11"/>
    <property name="os.name" value="Windows 10"/>
    <property name="user.country" value="US"/>
    <property name="sun.java.launcher" value="SUN_STANDARD"/>
    <property name="sun.boot.library.path" value="C:\Program Files\AdoptOpenJDK\jdk-11.0.5.10-hotspot\bin"/>
    <property name="sun.java.command" value="C:\Users\Marcus\AppData\Local\Temp\surefire2529295691904955968\surefirebooter9833170303821740372.jar C:\Users\Marcus\AppData\Local\Temp\surefire2529295691904955968 2019-12-11T21-51-33_801-jvmRun1 surefire8751715762773288272tmp surefire_08487961572892448435tmp"/>
    <property name="jdk.debug" value="release"/>
    <property name="surefire.test.class.path" value="C:\Users\Marcus\Documents\NetBeansProjects\ClassRoster\target\test-classes;C:\Users\Marcus\Documents\NetBeansProjects\ClassRoster\target\classes;C:\Users\Marcus\.m2\repository\org\springframework\spring-context\4.3.4.RELEASE\spring-context-4.3.4.RELEASE.jar;C:\Users\Marcus\.m2\repository\org\springframework\spring-aop\4.3.4.RELEASE\spring-aop-4.3.4.RELEASE.jar;C:\Users\Marcus\.m2\repository\org\springframework\spring-beans\4.3.4.RELEASE\spring-beans-4.3.4.RELEASE.jar;C:\Users\Marcus\.m2\repository\org\springframework\spring-core\4.3.4.RELEASE\spring-core-4.3.4.RELEASE.jar;C:\Users\Marcus\.m2\repository\commons-logging\commons-logging\1.2\commons-logging-1.2.jar;C:\Users\Marcus\.m2\repository\org\springframework\spring-expression\4.3.4.RELEASE\spring-expression-4.3.4.RELEASE.jar;C:\Users\Marcus\.m2\repository\org\junit\jupiter\junit-jupiter-api\5.3.1\junit-jupiter-api-5.3.1.jar;C:\Users\Marcus\.m2\repository\org\apiguardian\apiguardian-api\1.0.0\apiguardian-api-1.0.0.jar;C:\Users\Marcus\.m2\repository\org\opentest4j\opentest4j\1.1.1\opentest4j-1.1.1.jar;C:\Users\Marcus\.m2\repository\org\junit\platform\junit-platform-commons\1.3.1\junit-platform-commons-1.3.1.jar;C:\Users\Marcus\.m2\repository\org\junit\jupiter\junit-jupiter-params\5.3.1\junit-jupiter-params-5.3.1.jar;C:\Users\Marcus\.m2\repository\org\junit\jupiter\junit-jupiter-engine\5.3.1\junit-jupiter-engine-5.3.1.jar;C:\Users\Marcus\.m2\repository\org\junit\platform\junit-platform-engine\1.3.1\junit-platform-engine-1.3.1.jar;"/>
    <property name="sun.cpu.endian" value="little"/>
    <property name="user.home" value="C:\Users\Marcus"/>
    <property name="user.language" value="en"/>
    <property name="java.specification.vendor" value="Oracle Corporation"/>
    <property name="java.version.date" value="2019-10-15"/>
    <property name="java.home" value="C:\Program Files\AdoptOpenJDK\jdk-11.0.5.10-hotspot"/>
    <property name="file.separator" value="\"/>
    <property name="basedir" value="C:\Users\Marcus\Documents\NetBeansProjects\ClassRoster"/>
    <property name="java.vm.compressedOopsMode" value="32-bit"/>
    <property name="line.separator" value="&#10;"/>
    <property name="java.specification.name" value="Java Platform API Specification"/>
    <property name="java.vm.specification.vendor" value="Oracle Corporation"/>
    <property name="java.awt.graphicsenv" value="sun.awt.Win32GraphicsEnvironment"/>
    <property name="surefire.real.class.path" value="C:\Users\Marcus\AppData\Local\Temp\surefire2529295691904955968\surefirebooter9833170303821740372.jar"/>
    <property name="user.script" value=""/>
    <property name="sun.management.compiler" value="HotSpot 64-Bit Tiered Compilers"/>
    <property name="java.runtime.version" value="11.0.5+10"/>
    <property name="user.name" value="Marcus"/>
    <property name="path.separator" value=";"/>
    <property name="os.version" value="10.0"/>
    <property name="java.runtime.name" value="OpenJDK Runtime Environment"/>
    <property name="file.encoding" value="UTF-8"/>
    <property name="java.vm.name" value="OpenJDK 64-Bit Server VM"/>
    <property name="java.vendor.version" value="AdoptOpenJDK"/>
    <property name="maven.ext.class.path" value="D:\Program Files\netbeans\java\maven-nblib\netbeans-eventspy.jar"/>
    <property name="localRepository" value="C:\Users\Marcus\.m2\repository"/>
    <property name="java.vendor.url.bug" value="https://github.com/AdoptOpenJDK/openjdk-build/issues"/>
    <property name="java.io.tmpdir" value="C:\Users\Marcus\AppData\Local\Temp\"/>
    <property name="java.version" value="11.0.5"/>
    <property name="user.dir" value="C:\Users\Marcus\Documents\NetBeansProjects\ClassRoster"/>
    <property name="os.arch" value="amd64"/>
    <property name="java.vm.specification.name" value="Java Virtual Machine Specification"/>
    <property name="java.awt.printerjob" value="sun.awt.windows.WPrinterJob"/>
    <property name="sun.os.patch.level" value=""/>
    <property name="java.library.path" value="C:\Program Files\AdoptOpenJDK\jdk-11.0.5.10-hotspot\bin;C:\WINDOWS\Sun\Java\bin;C:\WINDOWS\system32;C:\WINDOWS;C:\Program Files\AdoptOpenJDK\jdk-11.0.5.10-hotspot\bin;C:\Program Files (x86)\Intel\iCLS Client\;C:\Program Files\Intel\iCLS Client\;C:\Windows\system32;C:\Windows;C:\Windows\System32\Wbem;C:\Windows\System32\WindowsPowerShell\v1.0\;C:\Program Files (x86)\Intel\Intel(R) Management Engine Components\DAL;C:\Program Files\Intel\Intel(R) Management Engine Components\DAL;C:\Program Files (x86)\Intel\Intel(R) Management Engine Components\IPT;C:\Program Files\Intel\Intel(R) Management Engine Components\IPT;C:\Program Files (x86)\Skype\Phone\;C:\WINDOWS\system32;C:\WINDOWS;C:\WINDOWS\System32\Wbem;C:\WINDOWS\System32\WindowsPowerShell\v1.0\;C:\Program Files (x86)\NVIDIA Corporation\PhysX\Common;C:\WINDOWS\system32;C:\WINDOWS;C:\WINDOWS\System32\Wbem;C:\WINDOWS\System32\WindowsPowerShell\v1.0\;C:\Program Files\Intel\WiFi\bin\;C:\Program Files\Common Files\Intel\WirelessCommon\;C:\Program Files\nodejs\;C:\WINDOWS\System32\OpenSSH\;C:\Program Files\dotnet\;C:\Program Files\Microsoft SQL Server\130\Tools\Binn\;C:\Users\Marcus\Python\Python36-32;C:\Program Files\Git\cmd;C:\Program Files\Microsoft SQL Server\Client SDK\ODBC\130\Tools\Binn\;C:\Program Files (x86)\Microsoft SQL Server\140\Tools\Binn\;C:\Program Files\Microsoft SQL Server\140\Tools\Binn\;C:\Program Files\Microsoft SQL Server\140\DTS\Binn\;C:\Program Files (x86)\Microsoft SQL Server\Client SDK\ODBC\130\Tools\Binn\;C:\Program Files (x86)\Microsoft SQL Server\140\DTS\Binn\;C:\Program Files (x86)\Microsoft SQL Server\140\Tools\Binn\ManagementStudio\;C:\PostgreSQL\pg11\bin;C:\Program Files (x86)\dotnet\;C:\Program Files (x86)\Java\jdk1.8.0_172\bin;C:\Users\Marcus\AppData\Local\Programs\Python\Python36\Scripts\;C:\Users\Marcus\AppData\Local\Programs\Python\Python36\;C:\Users\Marcus\Python\Python36-32\Scripts\;C:\Users\Marcus\Python\Python36-32\;C:\Program Files (x86)\Microsoft Visual Studio\Shared\Python36_64\python.exe;C:\Program Files\Intel\WiFi\bin\;C:\Program Files\Common Files\Intel\WirelessCommon\;C:\Users\Marcus\AppData\Local\Microsoft\WindowsApps;C:\Users\Marcus\AppData\Local\atom\bin;C:\Users\Marcus\AppData\Roaming\npm;C:\sqlite;C:\Users\Marcus\.dotnet\tools;C:\Users\Marcus\AppData\Roaming\npm\node_modules\@angular\cli\bin;C:\Users\Marcus\AppData\Local\Programs\Microsoft VS Code\bin;C:\Users\Marcus\AppData\Local\Microsoft\WindowsApps;C:\Program Files (x86)\Java\jdk1.8.0_172\bin;;."/>
    <property name="java.vendor" value="AdoptOpenJDK"/>
    <property name="java.vm.info" value="mixed mode"/>
    <property name="java.vm.version" value="11.0.5+10"/>
    <property name="sun.io.unicode.encoding" value="UnicodeLittle"/>
    <property name="java.class.version" value="55.0"/>
  </properties>
  <testcase name="testCreateStudent" classname="com.sg.classroster.service.ClassRosterServiceLayerTest" time="0"/>
  <testcase name="testGetStudent" classname="com.sg.classroster.service.ClassRosterServiceLayerTest" time="0"/>
  <testcase name="testGetAllStudents" classname="com.sg.classroster.service.ClassRosterServiceLayerTest" time="0"/>
  <testcase name="testCreateStudentInvalidData" classname="com.sg.classroster.service.ClassRosterServiceLayerTest" time="0"/>
  <testcase name="testCreateStudentDuplicateId" classname="com.sg.classroster.service.ClassRosterServiceLayerTest" time="0"/>
  <testcase name="testRemoveStudent" classname="com.sg.classroster.service.ClassRosterServiceLayerTest" time="0"/>
</testsuite>